<?xml version="1.0" encoding="UTF-8"?>
<!-- Generated by org.testng.reporters.JUnitXMLReporter -->
<testsuite hostname="DESKTOP-2LN30KC" failures="0" tests="5" name="Default test" time="335.722" errors="0" timestamp="13 Jan 2021 06:20:19 GMT">
  <testcase classname="cucumberTest.sprint_testRunner" name="feature" time="138.407"/>
  <testcase classname="cucumberTest.sprint_testRunner" name="feature" time="40.949"/>
  <testcase classname="cucumberTest.sprint_testRunner" name="feature" time="61.406"/>
  <testcase classname="cucumberTest.sprint_testRunner" name="feature" time="35.194"/>
  <testcase classname="cucumberTest.sprint_testRunner" name="feature" time="58.672"/>
</testsuite> <!-- Default test -->
